Using pre-set license
Built from '6000.1/staging' branch; Version is '6000.1.14f1 (db7aa045cc2c) revision 14383776'; Using compiler version '194234433'; Build Type 'Release'
OS: 'Windows 10  (10.0.19044) 64bit IoTEnterpriseS' Language: 'en' Physical Memory: 7957 MB
BatchMode: 1, IsHumanControllingUs: 0, StartBugReporterOnCrash: 0, Is64bit: 1, IsPro: 1
Date: 2025-08-04T16:14:30Z

COMMAND LINE ARGUMENTS:
C:\Users\Pavilion 15-EG0050WM\Desktop\6000.1.14f1\Editor\Unity.exe
-adb2
-batchMode
-noUpm
-name
AssetImportWorker0
-projectPath
C:/Users/Pavilion 15-EG0050WM/Desktop/virtual-chemistry-lab
-logFile
Logs/AssetImportWorker0.log
-srvPort
51692
-job-worker-count
3
-background-job-worker-count
8
-gc-helper-count
1
-name
AssetImport
Successfully changed project path to: C:/Users/Pavilion 15-EG0050WM/Desktop/virtual-chemistry-lab
C:/Users/Pavilion 15-EG0050WM/Desktop/virtual-chemistry-lab
[UnityMemory] Configuration Parameters - Can be set up in boot.config
    "memorysetup-allocator-temp-initial-block-size-main=262144"
    "memorysetup-allocator-temp-initial-block-size-worker=262144"
    "memorysetup-bucket-allocator-granularity=16"
    "memorysetup-bucket-allocator-bucket-count=8"
    "memorysetup-bucket-allocator-block-size=33554432"
    "memorysetup-bucket-allocator-block-count=8"
    "memorysetup-main-allocator-block-size=16777216"
    "memorysetup-thread-allocator-block-size=16777216"
    "memorysetup-gfx-main-allocator-block-size=16777216"
    "memorysetup-gfx-thread-allocator-block-size=16777216"
    "memorysetup-cache-allocator-block-size=4194304"
    "memorysetup-typetree-allocator-block-size=2097152"
    "memorysetup-profiler-bucket-allocator-granularity=16"
    "memorysetup-profiler-bucket-allocator-bucket-count=8"
    "memorysetup-profiler-bucket-allocator-block-size=33554432"
    "memorysetup-profiler-bucket-allocator-block-count=8"
    "memorysetup-profiler-allocator-block-size=16777216"
    "memorysetup-profiler-editor-allocator-block-size=1048576"
    "memorysetup-temp-allocator-size-main=16777216"
    "memorysetup-job-temp-allocator-block-size=2097152"
    "memorysetup-job-temp-allocator-block-size-background=1048576"
    "memorysetup-job-temp-allocator-reduction-small-platforms=262144"
    "memorysetup-temp-allocator-size-background-worker=32768"
    "memorysetup-temp-allocator-size-job-worker=262144"
    "memorysetup-temp-allocator-size-preload-manager=33554432"
    "memorysetup-temp-allocator-size-nav-mesh-worker=65536"
    "memorysetup-temp-allocator-size-audio-worker=65536"
    "memorysetup-temp-allocator-size-cloud-worker=32768"
    "memorysetup-temp-allocator-size-gi-baking-worker=262144"
    "memorysetup-temp-allocator-size-gi-baking-worker=262144"
    "memorysetup-temp-allocator-size-gi-baking-worker=262144"
    "memorysetup-temp-allocator-size-gi-baking-worker=262144"
    "memorysetup-temp-allocator-size-gi-baking-worker=262144"
    "memorysetup-temp-allocator-size-gfx=262144"
Player connection [30696]  Target information:

Player connection [30696]  * "[IP] 192.168.1.191 [Port] 0 [Flags] 2 [Guid] 3506769276 [EditorId] 3506769276 [Version] 1048832 [Id] WindowsEditor(7,YAKOBO-ABELD-CHUSI) [Debug] 1 [PackageName] WindowsEditor [ProjectName] Editor" 

Player connection [30696] Host joined multi-casting on [225.0.0.222:54997]...
Player connection [30696] Host joined alternative multi-casting on [225.0.0.222:34997]...
JobSystem: Creating JobQueue using job-worker-count value 3
Input System module state changed to: Initialized.
[Physics::Module] Initialized fallback backend.
[Physics::Module] Id: 0xdecafbad
Library Redirect Path: Library/
Default GameObject Tag: Untagged already registered
Default GameObject Tag: Respawn already registered
Default GameObject Tag: Finish already registered
Default GameObject Tag: EditorOnly already registered
Default GameObject Tag: MainCamera already registered
Default GameObject Tag: Player already registered
Default GameObject Tag: GameController already registered
[Physics::Module] Selected backend.
[Physics::Module] Name: PhysX
[Physics::Module] Id: 0xf2b8ea05
[Physics::Module] SDK Version: 4.1.2
[Physics::Module] Integration Version: 1.0.0
[Physics::Module] Threading Mode: Multi-Threaded
Refreshing native plugins compatible for Editor in 0.00 ms, found 0 plugins.
Preloading 0 native plugins for Editor in 0.00 ms.
Initialize engine version: 6000.1.14f1 (db7aa045cc2c)
[Subsystems] Discovering subsystems at path C:/Users/Pavilion 15-EG0050WM/Desktop/6000.1.14f1/Editor/Data/Resources/UnitySubsystems
[Subsystems] Discovering subsystems at path C:/Users/Pavilion 15-EG0050WM/Desktop/virtual-chemistry-lab/Assets
GfxDevice: creating device client; kGfxThreadingModeNonThreaded
Direct3D:
    Version:         Direct3D 12 [level 12.1]
    Renderer:        Intel(R) Iris(R) Xe Graphics (ID=0x9a49)
    Vendor:          Intel
    VRAM:            3978 MB
    App VRAM Budget: 3581 MB
    Driver:          27.20.100.8439
    Unified Memory Architecture
    Cache Coherent UMA
Initialize mono
Mono path[0] = 'C:/Users/Pavilion 15-EG0050WM/Desktop/6000.1.14f1/Editor/Data/Managed'
Mono path[1] = 'C:/Users/Pavilion 15-EG0050WM/Desktop/6000.1.14f1/Editor/Data/MonoBleedingEdge/lib/mono/unityjit-win32'
Mono config path = 'C:/Users/Pavilion 15-EG0050WM/Desktop/6000.1.14f1/Editor/Data/MonoBleedingEdge/etc'
Using monoOptions --debugger-agent=transport=dt_socket,embedding=1,server=y,suspend=n,address=127.0.0.1:56996
Begin MonoManager ReloadAssembly
Registering precompiled unity dll's ...
Register platform support module: C:/Users/Pavilion 15-EG0050WM/Desktop/6000.1.14f1/Editor/Data/PlaybackEngines/WebGLSupport/UnityEditor.WebGL.Extensions.dll
Register platform support module: C:/Users/Pavilion 15-EG0050WM/Desktop/6000.1.14f1/Editor/Data/PlaybackEngines/WindowsStandaloneSupport/UnityEditor.WindowsStandalone.Extensions.dll
Register platform support module: C:/Users/Pavilion 15-EG0050WM/Desktop/6000.1.14f1/Editor/Data/PlaybackEngines/AndroidPlayer/UnityEditor.Android.Extensions.dll
Register platform support module: C:/Users/Pavilion 15-EG0050WM/Desktop/6000.1.14f1/Editor/Data/PlaybackEngines/iOSSupport/UnityEditor.iOS.Extensions.dll
Register platform support module: C:/Users/Pavilion 15-EG0050WM/Desktop/6000.1.14f1/Editor/Data/PlaybackEngines/AppleTVSupport/UnityEditor.AppleTV.Extensions.dll
Registered in 0.374585 seconds.
- Loaded All Assemblies, in  5.883 seconds
[usbmuxd] Start listen thread
[usbmuxd] Listen thread started
Native extension for AppleTV target not found
[usbmuxd] Start listen thread
[usbmuxd] Listen thread started
Native extension for iOS target not found
Native extension for Android target not found
Native extension for WindowsStandalone target not found
Native extension for WebGL target not found
Mono: successfully reloaded assembly
- Finished resetting the current domain, in  3.374 seconds
Domain Reload Profiling: 9250ms
	BeginReloadAssembly (2346ms)
		ExecutionOrderSort (0ms)
		DisableScriptedObjects (0ms)
		BackupInstance (0ms)
		ReleaseScriptingObjects (0ms)
		CreateAndSetChildDomain (4ms)
	RebuildCommonClasses (364ms)
	RebuildNativeTypeToScriptingClass (68ms)
	initialDomainReloadingComplete (620ms)
	LoadAllAssembliesAndSetupDomain (2475ms)
		LoadAssemblies (2367ms)
		RebuildTransferFunctionScriptingTraits (0ms)
		AnalyzeDomain (2421ms)
			TypeCache.Refresh (2412ms)
				TypeCache.ScanAssembly (2346ms)
			BuildScriptInfoCaches (2ms)
			ResolveRequiredComponents (4ms)
	FinalizeReload (3377ms)
		ReleaseScriptCaches (0ms)
		RebuildScriptCaches (0ms)
		SetupLoadedEditorAssemblies (3099ms)
			LogAssemblyErrors (0ms)
			InitializePlatformSupportModulesInManaged (1357ms)
			SetLoadedEditorAssemblies (13ms)
			BeforeProcessingInitializeOnLoad (266ms)
			ProcessInitializeOnLoadAttributes (1188ms)
			ProcessInitializeOnLoadMethodAttributes (273ms)
			AfterProcessingInitializeOnLoad (0ms)
			EditorAssembliesLoaded (1ms)
		ExecutionOrderSort2 (0ms)
		AwakeInstancesAfterBackupRestoration (0ms)
========================================================================
Worker process is ready to serve import requests
Import Worker Mode flag is 0x00
Begin MonoManager ReloadAssembly
- Loaded All Assemblies, in  1.067 seconds
Refreshing native plugins compatible for Editor in 0.00 ms, found 0 plugins.
Native extension for AppleTV target not found
Native extension for iOS target not found
Native extension for Android target not found
Native extension for WindowsStandalone target not found
Native extension for WebGL target not found
Mono: successfully reloaded assembly
- Finished resetting the current domain, in  1.228 seconds
Domain Reload Profiling: 2287ms
	BeginReloadAssembly (671ms)
		ExecutionOrderSort (0ms)
		DisableScriptedObjects (27ms)
		BackupInstance (0ms)
		ReleaseScriptingObjects (0ms)
		CreateAndSetChildDomain (101ms)
	RebuildCommonClasses (146ms)
	RebuildNativeTypeToScriptingClass (58ms)
	initialDomainReloadingComplete (76ms)
	LoadAllAssembliesAndSetupDomain (105ms)
		LoadAssemblies (369ms)
		RebuildTransferFunctionScriptingTraits (0ms)
		AnalyzeDomain (88ms)
			TypeCache.Refresh (76ms)
				TypeCache.ScanAssembly (40ms)
			BuildScriptInfoCaches (5ms)
			ResolveRequiredComponents (2ms)
	FinalizeReload (1230ms)
		ReleaseScriptCaches (0ms)
		RebuildScriptCaches (0ms)
		SetupLoadedEditorAssemblies (846ms)
			LogAssemblyErrors (0ms)
			InitializePlatformSupportModulesInManaged (59ms)
			SetLoadedEditorAssemblies (11ms)
			BeforeProcessingInitializeOnLoad (243ms)
			ProcessInitializeOnLoadAttributes (417ms)
			ProcessInitializeOnLoadMethodAttributes (94ms)
			AfterProcessingInitializeOnLoad (21ms)
			EditorAssembliesLoaded (1ms)
		ExecutionOrderSort2 (0ms)
		AwakeInstancesAfterBackupRestoration (33ms)
Default GameObject Tag: Untagged already registered
Default GameObject Tag: Respawn already registered
Default GameObject Tag: Finish already registered
Default GameObject Tag: EditorOnly already registered
Default GameObject Tag: MainCamera already registered
Default GameObject Tag: Player already registered
Default GameObject Tag: GameController already registered
Launched and connected shader compiler UnityShaderCompiler.exe after 0.06 seconds
Refreshing native plugins compatible for Editor in 0.00 ms, found 0 plugins.
Preloading 0 native plugins for Editor in 0.00 ms.
Unloading 0 Unused Serialized files (Serialized files now loaded: 0)
Unloading 108 unused Assets / (27.6 KB). Loaded Objects now: 608.
Memory consumption went from 53.7 MB to 53.6 MB.
Total: 8.995100 ms (FindLiveObjects: 0.089700 ms CreateObjectMapping: 0.020600 ms MarkObjects: 7.650700 ms  DeleteObjects: 1.228600 ms)

========================================================================
Received Import Request.
  Time since last request: 2071303.959378 seconds.
  path: Assets/_Project/Art/3DModels/BunsenBurner.fbx
  artifactKey: Guid(76affd6c03d218044b79ec3fb1ee0875) Importer(815301076,1909f56bfc062723c751e8b465ee728b)
Start importing Assets/_Project/Art/3DModels/BunsenBurner.fbx using Guid(76affd6c03d218044b79ec3fb1ee0875) Importer(815301076,1909f56bfc062723c751e8b465ee728b) (PreviewImporter) -> (artifact id: 'd82a9d2df5e815ff89fd5aa867c79993') in 0.1530808 seconds
Number of updated asset objects reloaded before import = 0Number of asset objects unloaded after import = 4

========================================================================
Received Import Request.
  Time since last request: 0.000030 seconds.
  path: Assets/_Project/Art/3DModels/GraduatedCylinder.fbx
  artifactKey: Guid(51d07905009ab8f4eb9ac6f50322b8f7) Importer(815301076,1909f56bfc062723c751e8b465ee728b)
Start importing Assets/_Project/Art/3DModels/GraduatedCylinder.fbx using Guid(51d07905009ab8f4eb9ac6f50322b8f7) Importer(815301076,1909f56bfc062723c751e8b465ee728b) (PreviewImporter) -> (artifact id: '16858d5053b58ee67b3bd966a1381bb0') in 0.0056215 seconds
Number of updated asset objects reloaded before import = 0Number of asset objects unloaded after import = 4

========================================================================
Received Import Request.
  Time since last request: 0.000028 seconds.
  path: Assets/_Project/Art/3DModels/Beaker.fbx
  artifactKey: Guid(ae1b13903910c344e850b30b0c5caa03) Importer(815301076,1909f56bfc062723c751e8b465ee728b)
Start importing Assets/_Project/Art/3DModels/Beaker.fbx using Guid(ae1b13903910c344e850b30b0c5caa03) Importer(815301076,1909f56bfc062723c751e8b465ee728b) (PreviewImporter) -> (artifact id: '8cd7b5420b285f706af3ead7ebb3ca29') in 0.0184405 seconds
Number of updated asset objects reloaded before import = 0Number of asset objects unloaded after import = 4

========================================================================
Received Import Request.
  Time since last request: 0.000034 seconds.
  path: Assets/_Project/Art/3DModels/Burette.fbx
  artifactKey: Guid(afd0a04c08164524db89670c3b968579) Importer(815301076,1909f56bfc062723c751e8b465ee728b)
Start importing Assets/_Project/Art/3DModels/Burette.fbx using Guid(afd0a04c08164524db89670c3b968579) Importer(815301076,1909f56bfc062723c751e8b465ee728b) (PreviewImporter) -> (artifact id: '5657e095f7c19ef8e84c615e71832f02') in 0.0033597 seconds
Number of updated asset objects reloaded before import = 0Number of asset objects unloaded after import = 4

========================================================================
Received Import Request.
  Time since last request: 0.000032 seconds.
  path: Assets/_Project/Art/3DModels/RingStand.fbx
  artifactKey: Guid(71b4d87020df33643826ebe823ebe73a) Importer(815301076,1909f56bfc062723c751e8b465ee728b)
Start importing Assets/_Project/Art/3DModels/RingStand.fbx using Guid(71b4d87020df33643826ebe823ebe73a) Importer(815301076,1909f56bfc062723c751e8b465ee728b) (PreviewImporter) -> (artifact id: 'd3123993a0763cf0668daa3dbe24fdb2') in 0.0040576 seconds
Number of updated asset objects reloaded before import = 0Number of asset objects unloaded after import = 4

========================================================================
Received Import Request.
  Time since last request: 0.000032 seconds.
  path: Assets/_Project/Art/3DModels/ErlenmeyerFlask.fbx
  artifactKey: Guid(98f1afa3274b89f4d9becab5654f2974) Importer(815301076,1909f56bfc062723c751e8b465ee728b)
Start importing Assets/_Project/Art/3DModels/ErlenmeyerFlask.fbx using Guid(98f1afa3274b89f4d9becab5654f2974) Importer(815301076,1909f56bfc062723c751e8b465ee728b) (PreviewImporter) -> (artifact id: 'cdebb146250ab0cfde37245f76cc9bd5') in 0.0040594 seconds
Number of updated asset objects reloaded before import = 0Number of asset objects unloaded after import = 4

========================================================================
Received Import Request.
  Time since last request: 0.000047 seconds.
  path: Assets/_Project/Art/3DModels/WatchGlass.fbx
  artifactKey: Guid(43ffc2bfc60cc31459cb9e9f94718ba9) Importer(815301076,1909f56bfc062723c751e8b465ee728b)
Start importing Assets/_Project/Art/3DModels/WatchGlass.fbx using Guid(43ffc2bfc60cc31459cb9e9f94718ba9) Importer(815301076,1909f56bfc062723c751e8b465ee728b) (PreviewImporter) -> (artifact id: '3fa0ced12a96c590352bf6f6d7e878ba') in 0.0063769 seconds
Number of updated asset objects reloaded before import = 0Number of asset objects unloaded after import = 4

========================================================================
Received Import Request.
  Time since last request: 0.000023 seconds.
  path: Assets/_Project/Art/3DModels/Pipette.fbx
  artifactKey: Guid(2194e85a1e5c07740b437228f9634dbe) Importer(815301076,1909f56bfc062723c751e8b465ee728b)
Start importing Assets/_Project/Art/3DModels/Pipette.fbx using Guid(2194e85a1e5c07740b437228f9634dbe) Importer(815301076,1909f56bfc062723c751e8b465ee728b) (PreviewImporter) -> (artifact id: '1659f06eeca2ddcee2a2be22de5c48fa') in 0.005452 seconds
Number of updated asset objects reloaded before import = 0Number of asset objects unloaded after import = 4

========================================================================
Received Import Request.
  Time since last request: 20.904480 seconds.
  path: Assets/_Project/Art/Materials/Glass.mat
  artifactKey: Guid(8ee3a09f36ca4a94998c498577bc06b8) Importer(815301076,1909f56bfc062723c751e8b465ee728b)
Start importing Assets/_Project/Art/Materials/Glass.mat using Guid(8ee3a09f36ca4a94998c498577bc06b8) Importer(815301076,1909f56bfc062723c751e8b465ee728b) (PreviewImporter)Render queue value outside of the allowed range (2501 - 3999) for selected Blend mode, resetting render queue to default
 -> (artifact id: 'c4ab14bb031a5ea01070293834c147f2') in 1.6203929 seconds
Number of updated asset objects reloaded before import = 0Number of asset objects unloaded after import = 2

========================================================================
Received Import Request.
  Time since last request: 0.000044 seconds.
  path: Assets/_Project/Art/Materials/Plastic.mat
  artifactKey: Guid(fec98ca21fe47b845ab416e48e137c8c) Importer(815301076,1909f56bfc062723c751e8b465ee728b)
Start importing Assets/_Project/Art/Materials/Plastic.mat using Guid(fec98ca21fe47b845ab416e48e137c8c) Importer(815301076,1909f56bfc062723c751e8b465ee728b) (PreviewImporter) -> (artifact id: 'd836a6fa4db225a9854542af689c70fc') in 0.8284311 seconds
Number of updated asset objects reloaded before import = 0Number of asset objects unloaded after import = 2

========================================================================
Received Import Request.
  Time since last request: 0.000049 seconds.
  path: Assets/_Project/Art/Materials/Metal.mat
  artifactKey: Guid(1102cc8ba549e4045859041c6f31f7dc) Importer(815301076,1909f56bfc062723c751e8b465ee728b)
Start importing Assets/_Project/Art/Materials/Metal.mat using Guid(1102cc8ba549e4045859041c6f31f7dc) Importer(815301076,1909f56bfc062723c751e8b465ee728b) (PreviewImporter) -> (artifact id: '10bc15e56784ffecbe8335c528a4cab7') in 0.0461408 seconds
Number of updated asset objects reloaded before import = 0Number of asset objects unloaded after import = 2

========================================================================
Received Import Request.
  Time since last request: 85.536564 seconds.
  path: Assets/_Project/Art/Materials/MaterialConfig.json
  artifactKey: Guid(9ffb8156249c02340957caec203fb8c1) Importer(815301076,1909f56bfc062723c751e8b465ee728b)
Start importing Assets/_Project/Art/Materials/MaterialConfig.json using Guid(9ffb8156249c02340957caec203fb8c1) Importer(815301076,1909f56bfc062723c751e8b465ee728b) (PreviewImporter) -> (artifact id: 'bc4bae4aa7449a3730cb1791bb543528') in 0.0048154 seconds
Number of updated asset objects reloaded before import = 0Number of asset objects unloaded after import = 1

========================================================================
Received Import Request.
  Time since last request: 63.114874 seconds.
  path: Assets/_Project
  artifactKey: Guid(a2c093e39698bd34da59b5c60a99c774) Importer(815301076,1909f56bfc062723c751e8b465ee728b)
Start importing Assets/_Project using Guid(a2c093e39698bd34da59b5c60a99c774) Importer(815301076,1909f56bfc062723c751e8b465ee728b) (PreviewImporter) -> (artifact id: 'f0d3e609f41b7707c1b06c55298e7b28') in 0.0026326 seconds
Number of updated asset objects reloaded before import = 0Number of asset objects unloaded after import = 0

========================================================================
Received Prepare
Default GameObject Tag: Untagged already registered
Default GameObject Tag: Respawn already registered
Default GameObject Tag: Finish already registered
Default GameObject Tag: EditorOnly already registered
Default GameObject Tag: MainCamera already registered
Default GameObject Tag: Player already registered
Default GameObject Tag: GameController already registered
Refreshing native plugins compatible for Editor in 0.00 ms, found 0 plugins.
Preloading 0 native plugins for Editor in 0.00 ms.
Unloading 0 Unused Serialized files (Serialized files now loaded: 0)
Unloading 106 unused Assets / (3.1 KB). Loaded Objects now: 654.
Memory consumption went from 59.5 MB to 59.5 MB.
Total: 10.924800 ms (FindLiveObjects: 0.177800 ms CreateObjectMapping: 0.029500 ms MarkObjects: 10.629900 ms  DeleteObjects: 0.083700 ms)

Prepare: number of updated asset objects reloaded= 0
========================================================================
Received Import Request.
  Time since last request: 66.086906 seconds.
  path: Assets/_Project/Prefabs
  artifactKey: Guid(2d1ed3e3fa177654d99a06676ae39391) Importer(815301076,1909f56bfc062723c751e8b465ee728b)
Start importing Assets/_Project/Prefabs using Guid(2d1ed3e3fa177654d99a06676ae39391) Importer(815301076,1909f56bfc062723c751e8b465ee728b) (PreviewImporter) -> (artifact id: 'd944ec8998c9779c2914f7bbe8a5de64') in 0.0017703 seconds
Number of updated asset objects reloaded before import = 0Number of asset objects unloaded after import = 0

========================================================================
Received Import Request.
  Time since last request: 7.728476 seconds.
  path: Assets/_Project/Prefabs/Apparatus/Beaker.prefab
  artifactKey: Guid(3097c2c484d083b47af7e00a47e9eaaf) Importer(815301076,1909f56bfc062723c751e8b465ee728b)
Start importing Assets/_Project/Prefabs/Apparatus/Beaker.prefab using Guid(3097c2c484d083b47af7e00a47e9eaaf) Importer(815301076,1909f56bfc062723c751e8b465ee728b) (PreviewImporter) -> (artifact id: '5dea88976ef49115e740710e75c9fb4b') in 0.0040181 seconds
Number of updated asset objects reloaded before import = 0Number of asset objects unloaded after import = 1

========================================================================
Received Import Request.
  Time since last request: 0.000036 seconds.
  path: Assets/_Project/Prefabs/Apparatus/ErlenmeyerFlask.prefab
  artifactKey: Guid(ce233c346137dad4391bc3f1db92e8df) Importer(815301076,1909f56bfc062723c751e8b465ee728b)
Start importing Assets/_Project/Prefabs/Apparatus/ErlenmeyerFlask.prefab using Guid(ce233c346137dad4391bc3f1db92e8df) Importer(815301076,1909f56bfc062723c751e8b465ee728b) (PreviewImporter) -> (artifact id: '3a7d3b6e3bf7f5cb486b2fda318e2218') in 0.002585 seconds
Number of updated asset objects reloaded before import = 0Number of asset objects unloaded after import = 1

========================================================================
Received Import Request.
  Time since last request: 0.001924 seconds.
  path: Assets/_Project/Prefabs/Apparatus
  artifactKey: Guid(c88379926aa7b024f8cf6963311f63e2) Importer(815301076,1909f56bfc062723c751e8b465ee728b)
Start importing Assets/_Project/Prefabs/Apparatus using Guid(c88379926aa7b024f8cf6963311f63e2) Importer(815301076,1909f56bfc062723c751e8b465ee728b) (PreviewImporter) -> (artifact id: '3a9ccef48a78ece6412ec01254fb3b72') in 0.0011131 seconds
Number of updated asset objects reloaded before import = 0Number of asset objects unloaded after import = 0

