Using pre-set license
Built from '6000.1/staging' branch; Version is '6000.1.14f1 (db7aa045cc2c) revision 14383776'; Using compiler version '194234433'; Build Type 'Release'
OS: 'Windows 10  (10.0.19044) 64bit IoTEnterpriseS' Language: 'en' Physical Memory: 7957 MB
BatchMode: 1, IsHumanControllingUs: 0, StartBugReporterOnCrash: 0, Is64bit: 1, IsPro: 1
Date: 2025-08-04T16:14:30Z

COMMAND LINE ARGUMENTS:
C:\Users\Pavilion 15-EG0050WM\Desktop\6000.1.14f1\Editor\Unity.exe
-adb2
-batchMode
-noUpm
-name
AssetImportWorker1
-projectPath
C:/Users/Pavilion 15-EG0050WM/Desktop/virtual-chemistry-lab
-logFile
Logs/AssetImportWorker1.log
-srvPort
51692
-job-worker-count
3
-background-job-worker-count
8
-gc-helper-count
1
-name
AssetImport
Successfully changed project path to: C:/Users/Pavilion 15-EG0050WM/Desktop/virtual-chemistry-lab
C:/Users/Pavilion 15-EG0050WM/Desktop/virtual-chemistry-lab
[UnityMemory] Configuration Parameters - Can be set up in boot.config
    "memorysetup-allocator-temp-initial-block-size-main=262144"
    "memorysetup-allocator-temp-initial-block-size-worker=262144"
    "memorysetup-bucket-allocator-granularity=16"
    "memorysetup-bucket-allocator-bucket-count=8"
    "memorysetup-bucket-allocator-block-size=33554432"
    "memorysetup-bucket-allocator-block-count=8"
    "memorysetup-main-allocator-block-size=16777216"
    "memorysetup-thread-allocator-block-size=16777216"
    "memorysetup-gfx-main-allocator-block-size=16777216"
    "memorysetup-gfx-thread-allocator-block-size=16777216"
    "memorysetup-cache-allocator-block-size=4194304"
    "memorysetup-typetree-allocator-block-size=2097152"
    "memorysetup-profiler-bucket-allocator-granularity=16"
    "memorysetup-profiler-bucket-allocator-bucket-count=8"
    "memorysetup-profiler-bucket-allocator-block-size=33554432"
    "memorysetup-profiler-bucket-allocator-block-count=8"
    "memorysetup-profiler-allocator-block-size=16777216"
    "memorysetup-profiler-editor-allocator-block-size=1048576"
    "memorysetup-temp-allocator-size-main=16777216"
    "memorysetup-job-temp-allocator-block-size=2097152"
    "memorysetup-job-temp-allocator-block-size-background=1048576"
    "memorysetup-job-temp-allocator-reduction-small-platforms=262144"
    "memorysetup-temp-allocator-size-background-worker=32768"
    "memorysetup-temp-allocator-size-job-worker=262144"
    "memorysetup-temp-allocator-size-preload-manager=33554432"
    "memorysetup-temp-allocator-size-nav-mesh-worker=65536"
    "memorysetup-temp-allocator-size-audio-worker=65536"
    "memorysetup-temp-allocator-size-cloud-worker=32768"
    "memorysetup-temp-allocator-size-gi-baking-worker=262144"
    "memorysetup-temp-allocator-size-gi-baking-worker=262144"
    "memorysetup-temp-allocator-size-gi-baking-worker=262144"
    "memorysetup-temp-allocator-size-gi-baking-worker=262144"
    "memorysetup-temp-allocator-size-gi-baking-worker=262144"
    "memorysetup-temp-allocator-size-gfx=262144"
Player connection [9844]  Target information:

Player connection [9844]  * "[IP] 192.168.1.191 [Port] 0 [Flags] 2 [Guid] 1652074900 [EditorId] 1652074900 [Version] 1048832 [Id] WindowsEditor(7,YAKOBO-ABELD-CHUSI) [Debug] 1 [PackageName] WindowsEditor [ProjectName] Editor" 

Player connection [9844] Host joined multi-casting on [225.0.0.222:54997]...
Player connection [9844] Host joined alternative multi-casting on [225.0.0.222:34997]...
JobSystem: Creating JobQueue using job-worker-count value 3
Input System module state changed to: Initialized.
[Physics::Module] Initialized fallback backend.
[Physics::Module] Id: 0xdecafbad
Library Redirect Path: Library/
Default GameObject Tag: Untagged already registered
Default GameObject Tag: Respawn already registered
Default GameObject Tag: Finish already registered
Default GameObject Tag: EditorOnly already registered
Default GameObject Tag: MainCamera already registered
Default GameObject Tag: Player already registered
Default GameObject Tag: GameController already registered
[Physics::Module] Selected backend.
[Physics::Module] Name: PhysX
[Physics::Module] Id: 0xf2b8ea05
[Physics::Module] SDK Version: 4.1.2
[Physics::Module] Integration Version: 1.0.0
[Physics::Module] Threading Mode: Multi-Threaded
Refreshing native plugins compatible for Editor in 0.01 ms, found 0 plugins.
Preloading 0 native plugins for Editor in 0.00 ms.
Initialize engine version: 6000.1.14f1 (db7aa045cc2c)
[Subsystems] Discovering subsystems at path C:/Users/Pavilion 15-EG0050WM/Desktop/6000.1.14f1/Editor/Data/Resources/UnitySubsystems
[Subsystems] Discovering subsystems at path C:/Users/Pavilion 15-EG0050WM/Desktop/virtual-chemistry-lab/Assets
GfxDevice: creating device client; kGfxThreadingModeNonThreaded
Direct3D:
    Version:         Direct3D 12 [level 12.1]
    Renderer:        Intel(R) Iris(R) Xe Graphics (ID=0x9a49)
    Vendor:          Intel
    VRAM:            3978 MB
    App VRAM Budget: 3581 MB
    Driver:          27.20.100.8439
    Unified Memory Architecture
    Cache Coherent UMA
Initialize mono
Mono path[0] = 'C:/Users/Pavilion 15-EG0050WM/Desktop/6000.1.14f1/Editor/Data/Managed'
Mono path[1] = 'C:/Users/Pavilion 15-EG0050WM/Desktop/6000.1.14f1/Editor/Data/MonoBleedingEdge/lib/mono/unityjit-win32'
Mono config path = 'C:/Users/Pavilion 15-EG0050WM/Desktop/6000.1.14f1/Editor/Data/MonoBleedingEdge/etc'
Using monoOptions --debugger-agent=transport=dt_socket,embedding=1,server=y,suspend=n,address=127.0.0.1:56680
Begin MonoManager ReloadAssembly
Registering precompiled unity dll's ...
Register platform support module: C:/Users/Pavilion 15-EG0050WM/Desktop/6000.1.14f1/Editor/Data/PlaybackEngines/WebGLSupport/UnityEditor.WebGL.Extensions.dll
Register platform support module: C:/Users/Pavilion 15-EG0050WM/Desktop/6000.1.14f1/Editor/Data/PlaybackEngines/WindowsStandaloneSupport/UnityEditor.WindowsStandalone.Extensions.dll
Register platform support module: C:/Users/Pavilion 15-EG0050WM/Desktop/6000.1.14f1/Editor/Data/PlaybackEngines/AndroidPlayer/UnityEditor.Android.Extensions.dll
Register platform support module: C:/Users/Pavilion 15-EG0050WM/Desktop/6000.1.14f1/Editor/Data/PlaybackEngines/iOSSupport/UnityEditor.iOS.Extensions.dll
Register platform support module: C:/Users/Pavilion 15-EG0050WM/Desktop/6000.1.14f1/Editor/Data/PlaybackEngines/AppleTVSupport/UnityEditor.AppleTV.Extensions.dll
Registered in 0.369529 seconds.
- Loaded All Assemblies, in  5.885 seconds
[usbmuxd] Start listen thread
[usbmuxd] Listen thread started
Native extension for AppleTV target not found
[usbmuxd] Start listen thread
[usbmuxd] Listen thread started
Native extension for iOS target not found
Native extension for Android target not found
Native extension for WindowsStandalone target not found
Native extension for WebGL target not found
Mono: successfully reloaded assembly
- Finished resetting the current domain, in  3.404 seconds
Domain Reload Profiling: 9284ms
	BeginReloadAssembly (2335ms)
		ExecutionOrderSort (0ms)
		DisableScriptedObjects (0ms)
		BackupInstance (0ms)
		ReleaseScriptingObjects (0ms)
		CreateAndSetChildDomain (4ms)
	RebuildCommonClasses (374ms)
	RebuildNativeTypeToScriptingClass (69ms)
	initialDomainReloadingComplete (622ms)
	LoadAllAssembliesAndSetupDomain (2477ms)
		LoadAssemblies (2357ms)
		RebuildTransferFunctionScriptingTraits (0ms)
		AnalyzeDomain (2420ms)
			TypeCache.Refresh (2412ms)
				TypeCache.ScanAssembly (2351ms)
			BuildScriptInfoCaches (2ms)
			ResolveRequiredComponents (4ms)
	FinalizeReload (3407ms)
		ReleaseScriptCaches (0ms)
		RebuildScriptCaches (0ms)
		SetupLoadedEditorAssemblies (3158ms)
			LogAssemblyErrors (0ms)
			InitializePlatformSupportModulesInManaged (1375ms)
			SetLoadedEditorAssemblies (12ms)
			BeforeProcessingInitializeOnLoad (274ms)
			ProcessInitializeOnLoadAttributes (1194ms)
			ProcessInitializeOnLoadMethodAttributes (302ms)
			AfterProcessingInitializeOnLoad (0ms)
			EditorAssembliesLoaded (1ms)
		ExecutionOrderSort2 (0ms)
		AwakeInstancesAfterBackupRestoration (0ms)
========================================================================
Worker process is ready to serve import requests
Import Worker Mode flag is 0x00
Begin MonoManager ReloadAssembly
- Loaded All Assemblies, in  1.041 seconds
Refreshing native plugins compatible for Editor in 0.00 ms, found 0 plugins.
Native extension for AppleTV target not found
Native extension for iOS target not found
Native extension for Android target not found
Native extension for WindowsStandalone target not found
Native extension for WebGL target not found
Mono: successfully reloaded assembly
- Finished resetting the current domain, in  1.255 seconds
Domain Reload Profiling: 2289ms
	BeginReloadAssembly (668ms)
		ExecutionOrderSort (0ms)
		DisableScriptedObjects (28ms)
		BackupInstance (0ms)
		ReleaseScriptingObjects (0ms)
		CreateAndSetChildDomain (99ms)
	RebuildCommonClasses (136ms)
	RebuildNativeTypeToScriptingClass (55ms)
	initialDomainReloadingComplete (76ms)
	LoadAllAssembliesAndSetupDomain (96ms)
		LoadAssemblies (388ms)
		RebuildTransferFunctionScriptingTraits (0ms)
		AnalyzeDomain (70ms)
			TypeCache.Refresh (62ms)
				TypeCache.ScanAssembly (36ms)
			BuildScriptInfoCaches (2ms)
			ResolveRequiredComponents (1ms)
	FinalizeReload (1258ms)
		ReleaseScriptCaches (0ms)
		RebuildScriptCaches (0ms)
		SetupLoadedEditorAssemblies (854ms)
			LogAssemblyErrors (0ms)
			InitializePlatformSupportModulesInManaged (48ms)
			SetLoadedEditorAssemblies (13ms)
			BeforeProcessingInitializeOnLoad (255ms)
			ProcessInitializeOnLoadAttributes (402ms)
			ProcessInitializeOnLoadMethodAttributes (107ms)
			AfterProcessingInitializeOnLoad (29ms)
			EditorAssembliesLoaded (0ms)
		ExecutionOrderSort2 (0ms)
		AwakeInstancesAfterBackupRestoration (26ms)
Default GameObject Tag: Untagged already registered
Default GameObject Tag: Respawn already registered
Default GameObject Tag: Finish already registered
Default GameObject Tag: EditorOnly already registered
Default GameObject Tag: MainCamera already registered
Default GameObject Tag: Player already registered
Default GameObject Tag: GameController already registered
Launched and connected shader compiler UnityShaderCompiler.exe after 0.05 seconds
Refreshing native plugins compatible for Editor in 0.00 ms, found 0 plugins.
Preloading 0 native plugins for Editor in 0.00 ms.
Unloading 0 Unused Serialized files (Serialized files now loaded: 0)
Unloading 108 unused Assets / (27.2 KB). Loaded Objects now: 608.
Memory consumption went from 53.6 MB to 53.6 MB.
Total: 9.025400 ms (FindLiveObjects: 0.091000 ms CreateObjectMapping: 0.023100 ms MarkObjects: 7.722200 ms  DeleteObjects: 1.184000 ms)

========================================================================
Received Import Request.
  Time since last request: 2071303.959310 seconds.
  path: Assets/Scenes
  artifactKey: Guid(7481f6a565df98440a212e7296e38b40) Importer(815301076,1909f56bfc062723c751e8b465ee728b)
Start importing Assets/Scenes using Guid(7481f6a565df98440a212e7296e38b40) Importer(815301076,1909f56bfc062723c751e8b465ee728b) (PreviewImporter) -> (artifact id: '92791b0ecb769d3b9fec7ac5b0437d3f') in 0.0459108 seconds
Number of updated asset objects reloaded before import = 0Number of asset objects unloaded after import = 0

========================================================================
Received Import Request.
  Time since last request: 0.000036 seconds.
  path: Assets/_Project/Art/3DModels/VolumetricFlask.fbx
  artifactKey: Guid(725b8b17f74067a4a9ac84671daab78d) Importer(815301076,1909f56bfc062723c751e8b465ee728b)
Start importing Assets/_Project/Art/3DModels/VolumetricFlask.fbx using Guid(725b8b17f74067a4a9ac84671daab78d) Importer(815301076,1909f56bfc062723c751e8b465ee728b) (PreviewImporter) -> (artifact id: 'e8c72cf3ee8adff0b8b09b897742ba4d') in 0.1373461 seconds
Number of updated asset objects reloaded before import = 0Number of asset objects unloaded after import = 4

========================================================================
Received Import Request.
  Time since last request: 0.000069 seconds.
  path: Assets/_Project/Art/3DModels/Clamp.fbx
  artifactKey: Guid(f159480895aaca74ea96aa0aa549880a) Importer(815301076,1909f56bfc062723c751e8b465ee728b)
Start importing Assets/_Project/Art/3DModels/Clamp.fbx using Guid(f159480895aaca74ea96aa0aa549880a) Importer(815301076,1909f56bfc062723c751e8b465ee728b) (PreviewImporter) -> (artifact id: '572c588ec8c285bb850be5027922278a') in 0.0030755 seconds
Number of updated asset objects reloaded before import = 0Number of asset objects unloaded after import = 4

========================================================================
Received Import Request.
  Time since last request: 0.000023 seconds.
  path: Assets/_Project/Art/3DModels/WireGauze.fbx
  artifactKey: Guid(4e3fd69f62c28554a892ea7953e80e89) Importer(815301076,1909f56bfc062723c751e8b465ee728b)
Start importing Assets/_Project/Art/3DModels/WireGauze.fbx using Guid(4e3fd69f62c28554a892ea7953e80e89) Importer(815301076,1909f56bfc062723c751e8b465ee728b) (PreviewImporter) -> (artifact id: '990173a363e8ccd9286854f8e3574f9f') in 0.0038682 seconds
Number of updated asset objects reloaded before import = 0Number of asset objects unloaded after import = 4

========================================================================
Received Import Request.
  Time since last request: 0.000050 seconds.
  path: Assets/_Project/Art/3DModels/Tripod.fbx
  artifactKey: Guid(c8d3ab82b19495e40a3c565ca8d2d87c) Importer(815301076,1909f56bfc062723c751e8b465ee728b)
Start importing Assets/_Project/Art/3DModels/Tripod.fbx using Guid(c8d3ab82b19495e40a3c565ca8d2d87c) Importer(815301076,1909f56bfc062723c751e8b465ee728b) (PreviewImporter) -> (artifact id: '714e2ed1e2ded5608f7e2d0945895464') in 0.0064252 seconds
Number of updated asset objects reloaded before import = 0Number of asset objects unloaded after import = 4

========================================================================
Received Import Request.
  Time since last request: 0.000282 seconds.
  path: Assets/_Project/Art/3DModels/TestTube.fbx
  artifactKey: Guid(c14307dcf4495f64a9e27e8cf5dedc24) Importer(815301076,1909f56bfc062723c751e8b465ee728b)
Start importing Assets/_Project/Art/3DModels/TestTube.fbx using Guid(c14307dcf4495f64a9e27e8cf5dedc24) Importer(815301076,1909f56bfc062723c751e8b465ee728b) (PreviewImporter) -> (artifact id: 'ca9c3d02fd90b84f0e13ef1a156ab0a2') in 0.0042098 seconds
Number of updated asset objects reloaded before import = 0Number of asset objects unloaded after import = 4

========================================================================
Received Import Request.
  Time since last request: 0.000036 seconds.
  path: Assets/_Project/Art/3DModels/Flask.fbx
  artifactKey: Guid(c20d67c7d66f81b4a8a6f4c3c67ee8f6) Importer(815301076,1909f56bfc062723c751e8b465ee728b)
Start importing Assets/_Project/Art/3DModels/Flask.fbx using Guid(c20d67c7d66f81b4a8a6f4c3c67ee8f6) Importer(815301076,1909f56bfc062723c751e8b465ee728b) (PreviewImporter) -> (artifact id: 'd5c22fa39660a0077cd3f7ee1a2d7f50') in 0.0039355 seconds
Number of updated asset objects reloaded before import = 0Number of asset objects unloaded after import = 4

========================================================================
Received Import Request.
  Time since last request: 20.905059 seconds.
  path: Assets/_Project/Art/Materials/Liquid.mat
  artifactKey: Guid(5b61f7b9f55c5bf44a712732e412c45a) Importer(815301076,1909f56bfc062723c751e8b465ee728b)
Start importing Assets/_Project/Art/Materials/Liquid.mat using Guid(5b61f7b9f55c5bf44a712732e412c45a) Importer(815301076,1909f56bfc062723c751e8b465ee728b) (PreviewImporter)Render queue value outside of the allowed range (2501 - 3999) for selected Blend mode, resetting render queue to default
 -> (artifact id: '74ffacc93feefc4c900d7cf3185592d8') in 1.6150006 seconds
Number of updated asset objects reloaded before import = 0Number of asset objects unloaded after import = 2

========================================================================
Received Import Request.
  Time since last request: 0.000059 seconds.
  path: Assets/_Project/Art/Materials/Wood.mat
  artifactKey: Guid(4a0553161ff127a40a09db90450a8f8f) Importer(815301076,1909f56bfc062723c751e8b465ee728b)
Start importing Assets/_Project/Art/Materials/Wood.mat using Guid(4a0553161ff127a40a09db90450a8f8f) Importer(815301076,1909f56bfc062723c751e8b465ee728b) (PreviewImporter) -> (artifact id: '7fcfda2893d9a64f869b6d4bd0641626') in 0.8447278 seconds
Number of updated asset objects reloaded before import = 0Number of asset objects unloaded after import = 2

========================================================================
Received Import Request.
  Time since last request: 0.000055 seconds.
  path: Assets/_Project/Art/Materials/Rubber.mat
  artifactKey: Guid(73fc57bcf49b3da44ba271d6b02acca5) Importer(815301076,1909f56bfc062723c751e8b465ee728b)
Start importing Assets/_Project/Art/Materials/Rubber.mat using Guid(73fc57bcf49b3da44ba271d6b02acca5) Importer(815301076,1909f56bfc062723c751e8b465ee728b) (PreviewImporter) -> (artifact id: '126e2244f4679cdfd3dc239e52df4321') in 0.0467757 seconds
Number of updated asset objects reloaded before import = 0Number of asset objects unloaded after import = 2

========================================================================
Received Prepare
Default GameObject Tag: Untagged already registered
Default GameObject Tag: Respawn already registered
Default GameObject Tag: Finish already registered
Default GameObject Tag: EditorOnly already registered
Default GameObject Tag: MainCamera already registered
Default GameObject Tag: Player already registered
Default GameObject Tag: GameController already registered
Refreshing native plugins compatible for Editor in 0.00 ms, found 0 plugins.
Preloading 0 native plugins for Editor in 0.00 ms.
Unloading 0 Unused Serialized files (Serialized files now loaded: 0)
Unloading 106 unused Assets / (3.1 KB). Loaded Objects now: 654.
Memory consumption went from 59.4 MB to 59.4 MB.
Total: 10.434700 ms (FindLiveObjects: 0.106600 ms CreateObjectMapping: 0.020200 ms MarkObjects: 10.229100 ms  DeleteObjects: 0.076100 ms)

Prepare: number of updated asset objects reloaded= 0
========================================================================
Received Import Request.
  Time since last request: 222.465935 seconds.
  path: Assets/_Project/Prefabs/Apparatus/Burette.prefab
  artifactKey: Guid(78fdee2611a669043a87f8d520abb0b4) Importer(815301076,1909f56bfc062723c751e8b465ee728b)
Start importing Assets/_Project/Prefabs/Apparatus/Burette.prefab using Guid(78fdee2611a669043a87f8d520abb0b4) Importer(815301076,1909f56bfc062723c751e8b465ee728b) (PreviewImporter) -> (artifact id: 'e23d82d0025dda5e7ded9495ebe3ba5d') in 0.0032924 seconds
Number of updated asset objects reloaded before import = 0Number of asset objects unloaded after import = 1

